<?xml version="1.0" encoding="UTF-8"?>
<!-- Generated by org.testng.reporters.JUnitXMLReporter -->
<testsuite hostname="IN3229237W1" ignored="0" name="Test" tests="5" failures="0" timestamp="2024-04-30T17:22:08 IST" time="6.222" errors="0">
  <testcase name="ValidateAPISuccess_returnsValidPrice" time="2.643" classname="tests.GetAEDValueTestCase"/>
  <testcase name="Validate_aedValue" time="0.806" classname="tests.GetAEDValueTestCase"/>
  <testcase name="Validate_getRequest_Success_Validation" time="0.386" classname="tests.GetRequestTestCase"/>
  <testcase name="Validate_TimeStampResponse" time="0.442" classname="tests.GetTimeStampValueTestCase"/>
  <testcase name="validate_jsonSchema_response" time="1.824" classname="tests.JsonSchemaValidationTestCase"/>
</testsuite> <!-- Test -->
