<?xml version="1.0" encoding="UTF-8"?>
<!-- Generated by org.testng.reporters.JUnitXMLReporter -->
<testsuite hostname="IN3229237W1" ignored="0" name="Test" tests="5" failures="0" timestamp="2024-04-30T16:55:21 IST" time="5.516" errors="0">
  <testcase name="ValidateAPISuccess_returnsValidPrice" time="2.887" classname="tests.GetAEDValueTestCase"/>
  <testcase name="Validate_aedValue" time="0.336" classname="tests.GetAEDValueTestCase"/>
  <testcase name="Validate_getRequest_Success_Validation" time="0.339" classname="tests.GetRequestTestCase"/>
  <testcase name="Validate_TimeStampResponse" time="0.351" classname="tests.GetTimeStampValueTestCase"/>
  <testcase name="validate_jsonSchema_response" time="1.482" classname="tests.JsonSchemaValidationTestCase"/>
</testsuite> <!-- Test -->
